<?xml version="1.0" encoding="UTF-8" ?>
<testsuites name="vitest tests" tests="2" failures="0" errors="0" time="0.299541867">
    <testsuite name="test/api-endpoints.test.ts" timestamp="2026-05-02T08:42:49.611Z" hostname="runnervmeorf1" tests="2" failures="0" errors="0" skipped="0" time="0.299541867">
        <testcase classname="test/api-endpoints.test.ts" name="api endpoints &gt; covers all api endpoints with successful behavior" time="0.154004756">
        </testcase>
        <testcase classname="test/api-endpoints.test.ts" name="api endpoints &gt; enforces git permission semantics via internal access checks" time="0.143948193">
        </testcase>
    </testsuite>
</testsuites>
